  8.547868E-02
  1
 22
wh1
    0.71001    1.47964    0.31170    0.94993    0.99342    0.93422    0.60906   -0.24650   -0.85911   -0.07009   -0.85459    1.01427   -0.28638    2.28168    0.91033   -0.61215    0.80486   11.24155   -0.06564    0.94800    1.17301   -1.02279
    0.73810    1.00685   -0.02427    0.75612    0.23883    0.53014    0.77835    0.20911   -0.45948   -0.64352   -0.62355    0.82599    0.41609    2.11584    1.11315    0.03642    0.82687   10.76861    0.63107    1.33556    1.65255   -0.71775
bh1
    0.68555    0.07888    0.34572    0.11227    0.65650    0.29679    1.08481    0.41375   -0.45874   -0.97372   -0.63454    0.70211   -0.11709   -1.08882    0.46653   -0.65191    0.33063   -0.96856    0.65026    0.14090   -0.16581   -0.59350
ws
    0.27157
    0.38470
   -0.87369
   -0.14458
   -0.01746
   -0.09697
    0.49081
   -0.94599
   -2.14250
   -2.07756
   -2.27610
    0.13591
   -1.08424
    0.94566
    0.34794
   -1.75792
   -0.11066
   10.36622
   -0.49734
    0.38251
    0.47982
   -2.48005
bs
    5.57846
Alpha:        0.1526
Eta:        0.7547
Activation Function: LOGISTIC
MeanSquaredError:   2.746390E-03
MeanSquaredError - validation:   9.375191E-02
Epoch :       200
NFE:         28
