  8.551423E-02
  1
  9
wh1
   -0.98224   10.60803   -0.01865   -1.36226    1.28419   -0.22822    1.11614   -0.42426    0.62637
   -1.01043   10.41091    0.13256   -0.43898    1.42695   -0.64230    1.31499   -0.61306    0.94105
bh1
   -0.85629   -0.90811    0.41269   -0.82385    0.05535   -1.12853    0.52070   -0.42233    0.56086
ws
   -2.87006
   10.12408
   -0.89474
   -2.72838
    0.45704
   -2.35918
    0.73121
   -1.93566
    0.14131
bs
    5.50900
Alpha:        0.2146
Eta:        0.5694
Activation Function: LOGISTIC
MeanSquaredError:   2.748519E-03
MeanSquaredError - validation:   9.379080E-02
Epoch :       200
NFE:         75
