  3.587417E-02
  2
  2
  7
  8
wh1
    0.43442    0.49026    0.87846    0.60794    0.98149    0.81514    0.23320
    0.93538    0.37175    0.80369    0.99681    0.00823    0.03539    0.69050
bh1
    0.25591    0.09820    0.76055    0.20022    0.90883    0.75472    0.48698
wh2
    0.48839    0.92527    0.34312    0.14401    0.04242    0.63672    0.41777    0.81971
    0.91810    0.69706    0.46915    0.02675    0.75011    0.98358    0.92690    0.27808
    0.98910    0.55720    0.05589    0.43125    0.44338    0.76284    0.72037    0.00838
    0.48822    0.52011    0.63974    0.18154    0.71617    0.94490    0.70065    0.98634
    0.28161    0.24759    0.92830    0.52706    0.37563    0.06664    0.77185    0.79420
    0.86497    0.98673    0.40155    0.27726    0.56892    0.66371    0.91179    0.74000
    0.59417    0.05146    0.60821    0.32055    0.31214    0.39889    0.07593    0.52409
bh2
    0.31576    0.23068    0.22599    0.68986    0.17884    0.67219    0.22880    0.71156
ws
   -3.44390
    3.39192
    5.10957
    2.61150
    6.69922
   -5.09040
   -1.07656
   -2.87421
bs
   -1.07705
Alpha:        0.0195
Eta:        0.1699
Activation Function: TANGENT
MeanSquaredError:   9.660922E-03
MeanSquaredError - validation:   3.849550E-02
Epoch :       200
NFE:         83
