  8.546607E-02
  1
  9
wh1
    0.98285   -1.08098   -1.26996    0.08345    0.50010    1.22165   11.21110    2.38521    1.48154
    0.77997   -1.38916   -1.14364    0.24899    0.08754    1.82054   10.88567    1.76576    1.09658
bh1
    0.88242   -0.69792   -0.13390   -0.37605    0.41724    0.00527   -0.89647   -0.66722    0.14252
ws
    0.33405
   -3.39756
   -3.63581
   -1.25482
   -0.56150
    0.20754
    9.88447
    0.32956
    0.15364
bs
    7.39294
Alpha:        0.0284
Eta:        0.8043
Activation Function: LOGISTIC
MeanSquaredError:   2.746803E-03
MeanSquaredError - validation:   9.373800E-02
Epoch :       200
NFE:         79
