    0.56415
    0.56415
    0.56415
    0.56415
    0.56415
    0.56414
    0.56414
    0.56414
    0.56414
    0.56414
    0.56413
    0.56413
    0.56413
    0.56413
    0.56413
    0.56413
    0.56412
    0.56412
    0.56412
    0.56412
    0.56412
    0.56412
    0.56412
    0.56412
    0.56412
    0.56412
    0.56412
    0.56412
    0.56412
    0.56412
    0.56412
    0.56412
    0.56412
    0.56412
    0.56411
    0.56411
    0.56411
    0.56411
    0.56411
    0.56411
    0.56411
    0.56411
    0.56411
    0.56410
    0.56410
    0.56410
    0.56410
    0.56409
    0.56409
    0.56408
    0.56407
    0.56406
    0.56403
    0.56400
    0.56396
    0.56389
    0.56378
    0.56362
    0.56338
    0.56304
    0.56255
    0.56190
    0.56107
    0.56009
    0.55904
    0.55807
    0.55735
    0.55705
    0.55728
    0.55801
    0.55910
    0.56033
    0.56148
    0.56241
    0.56309
    0.56353
    0.56380
    0.56395
    0.56403
    0.56407
    0.56409
    0.56411
    0.56411
    0.56412
    0.56412
    0.56412
    0.56412
    0.56412
    0.56412
    0.56412
    0.56412
    0.56412
    0.56412
    0.56412
    0.56412
    0.56413
    0.56413
    0.56413
    0.56413
    0.56413
    0.56413
    0.56413
    0.56413
    0.56413
    0.56413
    0.56413
    0.56413
    0.56413
    0.56413
    0.56413
    0.56413
    0.56412
    0.56412
    0.56412
    0.56412
    0.56412
    0.56412
    0.56412
    0.56412
    0.56412
    0.56412
    0.56412
    0.56412
    0.56412
    0.56412
    0.56412
    0.56412
    0.56412
    0.56412
    0.56412
    0.56412
    0.56411
    0.56411
    0.56411
    0.56411
    0.56411
    0.56410
    0.56410
    0.56409
    0.56409
    0.56407
    0.56405
    0.56401
    0.56394
    0.56379
    0.56348
    0.56282
    0.56139
    0.55833
    0.55188
    0.53900
    0.51561
    0.47913
    0.43306
    0.38741
    0.35219
    0.33196
    0.32797
    0.34165
    0.37595
    0.43029
    0.49039
    0.53372
    0.55435
    0.56150
    0.56350
    0.56399
    0.56411
    0.56414
    0.56414
    0.56414
    0.56414
    0.56414
    0.56414
    0.56414
    0.56414
    0.56414
    0.56414
    0.56414
    0.56414
    0.56414
    0.56414
    0.56414
    0.56414
    0.56414
    0.56414
    0.56414
    0.56414
    0.56414
    0.56414
    0.56414
    0.56414
    0.56414
    0.56414
    0.56414
    0.56414
    0.56414
    0.56414
    0.56414
    0.56414
    0.56414
    0.56414
    0.56414
    0.56414
    0.56414
    0.56414
    0.56414
    0.56414
    0.56414
    0.56414
    0.56414
    0.56414
    0.56414
    0.56415
    0.56415
    0.56415
    0.56415
    0.56415
    0.56415
    0.56415
    0.56415
    0.56415
    0.56415
    0.56415
    0.56415
    0.56415
    0.56415
    0.56415
    0.56415
    0.56415
    0.56415
    0.56415
    0.56415
    0.56415
    0.56415
    0.56415
    0.56415
    0.56415
    0.56415
    0.56415
    0.56415
    0.56415
    0.56415
    0.56414
    0.56414
    0.56414
    0.56414
    0.56414
    0.56414
    0.56414
    0.56414
    0.56414
    0.56414
    0.56414
    0.56414
    0.56414
    0.56414
    0.56414
    0.56414
    0.56414
    0.56414
    0.56414
    0.56414
    0.56414
    0.56414
    0.56414
    0.56414
    0.56414
    0.56414
    0.56414
    0.56414
    0.56414
    0.56414
    0.56414
    0.56414
    0.56414
    0.56414
    0.56414
    0.56414
    0.56414
    0.56414
    0.56414
    0.56414
    0.56414
    0.56414
    0.56414
    0.56414
    0.56414
    0.56414
    0.56414
    0.56414
    0.56414
    0.56414
    0.56414
    0.56415
    0.56415
    0.56415
    0.56415
    0.56415
    0.56415
    0.56415
    0.56415
    0.56415
    0.56415
    0.56415
    0.56415
    0.56415
    0.56415
    0.56415
    0.56415
    0.56415
    0.56415
    0.56415
    0.56415
    0.56415
    0.56415
    0.56415
    0.56415
    0.56415
    0.56415
    0.56415
    0.56415
    0.56414
    0.56414
    0.56414
    0.56414
    0.56414
    0.56414
    0.56414
    0.56414
    0.56413
    0.56413
    0.56413
    0.56413
    0.56413
    0.56413
    0.56413
    0.56413
    0.56413
    0.56413
    0.56413
    0.56413
    0.56413
    0.56413
    0.56413
    0.56413
    0.56413
    0.56413
    0.56413
    0.56413
    0.56413
    0.56413
    0.56413
    0.56412
    0.56412
    0.56412
    0.56412
    0.56412
    0.56412
    0.56412
    0.56412
    0.56412
    0.56412
    0.56412
    0.56412
    0.56412
    0.56412
    0.56412
    0.56412
    0.56412
    0.56412
    0.56412
    0.56411
    0.56411
    0.56411
    0.56411
    0.56411
    0.56411
    0.56410
    0.56410
    0.56409
    0.56408
    0.56407
    0.56404
    0.56399
    0.56390
    0.56371
    0.56330
    0.56242
    0.56052
    0.55642
    0.54785
    0.53112
    0.50203
    0.45975
    0.41096
    0.36722
    0.33670
    0.32199
    0.32367
    0.34389
    0.38582
    0.44622
    0.50528
    0.54218
    0.55763
    0.56248
    0.56376
    0.56406
    0.56413
    0.56414
    0.56414
    0.56414
    0.56414
    0.56414
    0.56414
    0.56414
    0.56414
    0.56414
    0.56414
    0.56414
    0.56414
    0.56414
    0.56414
    0.56414
    0.56414
    0.56414
    0.56414
    0.56414
    0.56414
    0.56414
    0.56414
    0.56414
    0.56414
    0.56414
    0.56414
    0.56414
    0.56414
    0.56414
    0.56414
    0.56414
    0.56414
    0.56414
    0.56414
    0.56414
    0.56414
    0.56414
    0.56414
    0.56414
    0.56414
    0.56414
    0.56414
    0.56414
    0.56414
    0.56414
    0.56415
    0.56415
    0.56415
    0.56415
    0.56415
    0.56415
    0.56415
    0.56415
    0.56415
    0.56415
    0.56415
    0.56415
    0.56415
    0.56415
    0.56415
    0.56415
    0.56415
    0.56415
    0.56415
    0.56415
    0.56415
    0.56415
    0.56415
    0.56415
    0.56415
    0.56415
    0.56415
    0.56415
    0.56415
    0.56415
    0.56414
    0.56414
    0.56414
    0.56414
    0.56414
    0.56414
    0.56414
    0.56414
    0.56414
    0.56414
    0.56414
    0.56414
    0.56414
    0.56414
    0.56414
    0.56414
    0.56414
    0.56414
    0.56414
    0.56414
    0.56414
    0.56414
    0.56414
    0.56414
    0.56414
    0.56414
    0.56414
    0.56414
    0.56414
    0.56414
    0.56414
    0.56414
    0.56414
    0.56414
    0.56414
    0.56414
    0.56414
    0.56414
    0.56414
    0.56414
    0.56414
    0.56414
    0.56414
    0.56414
    0.56414
    0.56414
    0.56414
    0.56414
    0.56414
    0.56415
    0.56415
    0.56415
    0.56415
    0.56415
    0.56415
    0.56415
    0.56415
    0.56415
    0.56415
    0.56415
    0.56415
    0.56415
    0.56415
    0.56415
    0.56415
    0.56415
    0.56415
    0.56415
    0.56415
    0.56415
    0.56415
    0.56415
    0.56415
    0.56415
    0.56415
    0.56415
    0.56415
    0.56415
    0.56414
    0.56414
    0.56414
    0.56414
    0.56414
    0.56414
    0.56414
    0.56414
    0.56413
    0.56413
    0.56413
    0.56413
    0.56413
    0.56413
    0.56413
    0.56413
    0.56413
    0.56413
    0.56413
    0.56413
    0.56413
    0.56413
    0.56413
    0.56413
    0.56413
    0.56413
    0.56413
    0.56413
    0.56413
    0.56413
    0.56413
    0.56413
    0.56413
    0.56413
    0.56413
    0.56413
    0.56413
