  3.999423E-02
  2
  6
  6
wh1
    0.40230    0.87374    0.96011    0.64403    0.84533    0.74466
    0.09385    0.76137    0.14231    0.77351    0.25258    0.05059
bh1
    0.19593    0.88937    0.92547    0.00284    0.04573    0.52457
wh2
    0.61328    0.31842    0.04530    0.38784    0.65034    0.48700
    0.08785    0.63026    0.85926    0.00284    0.07137    0.95666
    0.45307    0.15177    0.95786    0.39830    0.30741    0.74721
    0.92072    0.48267    0.68458    0.66930    0.53035    0.72459
    0.09150    0.76453    0.49199    0.01486    0.36902    0.71631
    0.08382    0.59477    0.17997    0.53515    0.07198    0.54188
bh2
    0.29443    0.48571    0.94783    0.71668    0.79282    0.64085
ws
    7.67711
    2.82908
   -3.81163
    2.91413
    3.48038
   -5.07823
bs
   -1.14133
Alpha:        0.2715
Eta:        0.1495
Activation Function: TANGENT
MeanSquaredError:   1.007675E-02
MeanSquaredError - validation:   4.298598E-02
Epoch :       200
NFE:        228
