  3.720755E-02
  2
  6
  6
wh1
    0.57023    0.69024    0.99808    0.53619    0.57475    0.32529
    0.40211    0.89320    0.46270    0.73353    0.35420    0.43878
bh1
    0.86905    0.24568    0.32386    0.61837    0.48522    0.52835
wh2
    0.53416    0.67661    0.14158    0.05135    0.48370    0.29365
    0.16181    0.08613    0.09327    0.26239    0.66977    0.94513
    0.49616    0.91187    0.71386    0.78031    0.91831    0.99417
    0.39651    0.21989    0.45105    0.84347    0.16726    0.71819
    0.82244    0.86333    0.54078    0.12761    0.52120    0.85442
    0.27070    0.42632    0.86817    0.14888    0.21205    0.82967
bh2
    0.28939    0.97606    0.36449    0.39702    0.04197    0.50409
ws
    3.17721
   -0.53086
    3.29669
    3.60572
    6.02385
   -8.93727
bs
   -0.91143
Alpha:        0.0567
Eta:        0.2344
Activation Function: TANGENT
MeanSquaredError:   9.099355E-03
MeanSquaredError - validation:   4.001837E-02
Epoch :       200
NFE:        244
