  6.644673E-02
  2
 15
  7
wh1
    0.05578    0.80036    0.32774    0.47567    0.75196    0.41477    0.53948    0.98216    0.27572    0.27531    0.73369    0.88512    0.93518    0.12991    0.61519
    0.04423    0.30235    0.25796    0.22827    0.82546    0.54877    0.19283    0.26723    0.68512    0.19448    0.52973    0.24753    0.25860    0.15770    0.43642
bh1
    0.80213    0.64898    0.92523    0.19043    0.03014    0.26765    0.64801    0.79011    0.31799    0.41631    0.21047    0.63669    0.32074    0.32240    0.31740
wh2
    0.89756    0.32654    0.44055    0.96086    0.86040    0.41049    0.57223
    0.74432    0.72460    0.36951    0.15008    0.90174    0.51196    0.52594
    0.38858    0.43131    0.20688    0.07880    0.41377    0.56803    0.08566
    0.84906    0.87423    0.05716    0.90829    0.69789    0.63958    0.78557
    0.98032    0.05027    0.26597    0.08360    0.90348    0.91309    0.69567
    0.12651    0.30000    0.32475    0.21006    0.85015    0.91465    0.57326
    0.19833    0.28685    0.77367    0.32791    0.34699    0.45713    0.63082
    0.74358    0.69625    0.44718    0.24211    0.64815    0.97564    0.59786
    0.31468    0.25214    0.44301    0.57925    0.26571    0.79357    0.75339
    0.15224    0.09902    0.96974    0.62652    0.62998    0.93348    0.02134
    0.88101    0.77833    0.88063    0.91732    0.22729    0.77257    0.07557
    0.76170    0.03414    0.29215    0.12933    0.81857    0.44389    0.74163
    0.96459    0.79683    0.07671    0.08568    0.42488    0.46469    0.39712
    0.16104    0.00555    0.52493    0.14829    0.95229    0.48893    0.56141
    0.18161    0.34724    0.71090    0.21714    0.48121    0.53720    0.72089
bh2
    0.75192    0.77037    0.03992    0.56599    0.81942    0.38816    0.91643
ws
   -2.63359
  -28.65098
   -3.48134
  -16.19917
   -0.44225
   -0.55584
   -5.81452
bs
   -0.98037
Alpha:        0.0289
Eta:        0.6342
Activation Function: GAUSS
MeanSquaredError:   2.529384E-02
MeanSquaredError - validation:   7.056202E-02
Epoch :       200
NFE:         69
