  6.607779E-02
  1
 17
wh1
    0.06464    1.19460    0.28728    0.84676    0.23313    0.81420    0.79449    0.37224    0.44507    0.69185    0.82780    0.99241    0.66525    0.46979    0.65956    0.91679    0.64415
    0.67424    1.33046   -0.06313    0.54416    0.74810    0.32882    0.38300    0.06658    0.32280    0.83487    0.07634    0.70037    0.45701    0.42620    0.79715    0.47132    0.59917
bh1
    0.38464    0.30562   -0.06457    0.85052    0.46289    0.62104   -0.26190    0.53332    0.09286    0.75971    0.60842    0.66138   -0.29241    0.09738    0.85310    0.36143    0.34813
ws
    0.11746
   -0.59175
    0.65618
    0.35600
   -0.08375
    0.17358
    0.84708
    0.39994
    0.77009
    0.14798
    0.85279
   -0.21618
    0.88848
    0.41920
    0.21621
    0.23967
    0.39959
bs
   -0.44363
Alpha:        0.2774
Eta:        0.3963
Activation Function: TANGENT
MeanSquaredError:   2.769337E-06
MeanSquaredError - validation:   7.268529E-02
NFE       532
