  6.604542E-02
  1
 28
wh1
    0.06905    0.21843    0.73231    0.33638    0.94498    0.26690    0.90988    0.97779    0.30497    0.52673    0.88392    0.15891    0.43060    0.44228    0.30360    0.57021    0.92118    0.49611    0.28972    0.37820    0.41235    0.78872    0.84222    0.96426    0.06652    0.48964    0.92233    0.27077
    0.31717    0.57747    0.65332    0.29738    0.61278    0.68315    0.74049    0.01883    0.35677    0.18554    0.91103    0.45351    0.74153    0.64781    0.78079    0.89023    0.23404    0.63494    0.06084    0.55485    0.63799    0.54953    0.12691    0.22413    0.50995    0.77747    1.03375    0.81933
bh1
    0.55369    0.52300    0.56238   -0.03742    0.78358    0.22673    0.15189    0.68284    0.57984    0.40525    0.44063   -0.13059    0.80054    0.06609    0.41580    0.84353    0.44068    0.67625    0.31249    0.06080   -0.02162    0.34950    0.08492    0.64480    0.49360    1.01512    0.39402    0.46447
ws
    0.10487
    0.03702
    0.06442
    0.57511
   -0.23460
    0.05960
    0.19256
    0.39206
    0.19039
    0.40942
   -0.14073
    0.55110
   -0.30441
    0.44699
   -0.02635
    0.33813
    0.30570
    0.01558
    0.07453
    0.40605
    0.56839
    0.40273
    0.31987
    0.21772
    0.40788
   -0.33235
   -0.17759
   -0.00784
bs
   -0.34635
Alpha:        0.5054
Eta:        0.1210
Activation Function: TANGENT
MeanSquaredError:   1.366952E-05
MeanSquaredError - validation:   7.264860E-02
NFE       646
