  6.607912E-02
  1
 15
wh1
    0.82954    0.79693    0.58648    0.81581    0.47691    0.24340    0.52375    0.57339    0.82769    0.53154    0.84039    0.87422    0.37910    1.12797    0.61325
    0.34709    0.56670    0.64961    0.49828    0.02805    0.45990    0.60668    0.03443    0.95580    0.32029    0.56299    0.87824    0.21978    1.37187    1.10963
bh1
    0.34023    0.75485    0.85703    0.11084    0.13185   -0.01373   -0.33469   -0.12062    0.37316    0.36503    0.33150    0.78727    0.43019    0.61403    0.31141
ws
    0.67173
    0.62460
    0.47120
    0.54748
    0.60273
    0.42121
    0.69862
    0.72561
   -0.29459
    0.74394
    0.38676
    0.14990
    0.66924
   -0.54761
   -0.29781
bs
   -0.56870
Alpha:        0.0719
Eta:        0.3793
Activation Function: TANGENT
MeanSquaredError:   3.017260E-06
MeanSquaredError - validation:   7.268673E-02
NFE       358
