  6.601157E-02
  1
 18
wh1
    0.21288    2.43734    0.34315    0.98714    1.00112    0.34380    0.05019   -0.40776   -0.13496    0.00988    0.28234   -0.37630   -0.89249    0.47220   -0.19320    0.45722   -0.19195    0.67889
    0.62416    1.86041   -0.10606   -0.00485    0.94269    0.24869    0.27249   -0.33009    0.12390   -0.34874    0.59218   -0.55171   -0.04095    0.36072   -0.87817    0.16320   -0.18635    1.04731
bh1
   -5.38919   -4.63456    7.90069    4.03908   -7.06489    6.93220    2.33103    7.11467    5.67126    8.77944   -4.35025   -3.04194   -2.69206    2.79511    3.53906    5.31442   -7.38071    1.53880
ws
   -5.52085
    2.91567
    2.88894
    1.85150
   -4.23927
    1.10097
   -1.69296
   -6.98995
   -4.25035
    0.76176
   -3.05124
   -6.31658
   -6.03545
   -1.56026
   -5.29833
    1.10267
   -7.04797
    1.03494
bs
  -17.18997
Alpha:        0.5499
Eta:        0.2024
Activation Function: TANGENT
MeanSquaredError:   2.664016E-06
MeanSquaredError - validation:   7.261246E-02
NFE       908
