  6.606483E-02
  1
 31
wh1
    0.56336    0.70832    0.70123    0.24820    0.64037    0.69796    0.79994    0.45624    0.58364    0.41800    0.84167    0.39309    0.92479    0.53843    0.13903    0.45010    0.97120    0.39232    0.57786    0.32433    0.54579    0.13959    0.29217    0.86554    0.72299    0.69294    0.67465    0.39779    0.23670    0.85911    0.91497
    0.45550    0.13741    0.09859    0.72598    0.19458    0.35182    0.73580    0.60001    0.72303    0.75919    0.21103    0.61309    0.05915    0.85587    0.26186    0.32937    0.48541    0.02202   -0.00641    0.55821    0.41912    0.61770    0.40363    0.56960    0.21926    0.02991    0.52570    0.29085    0.35203    0.21308    0.03421
bh1
    1.12835    0.96226    0.10556    0.49411    0.74002    0.42786    0.94334    0.54871    0.99152    0.23301    0.69042    0.94548    0.67216    1.18069    0.83330    0.58052    1.02246    0.43528    0.82325    1.00227    1.00755    0.83477    0.86620    0.95057    0.86373    0.12487    1.14139    0.85136    0.15125    0.61798    0.38572
ws
   -0.20672
    0.15012
    0.96091
   -0.03327
    0.40914
    0.02022
   -0.20555
    0.16643
    0.14548
    0.09999
    0.42691
    0.11939
    0.38698
   -0.31092
    0.15069
    0.04968
   -0.19772
    1.00184
    0.29134
    0.03894
    0.00663
    0.43540
    0.47975
   -0.21812
    0.03433
    1.49148
   -0.21477
    0.53339
    0.12397
   -0.04207
    0.30924
bs
   -1.20693
Alpha:        0.4891
Eta:        0.3951
Activation Function: TANGENT
MeanSquaredError:   4.782644E-06
MeanSquaredError - validation:   7.267084E-02
NFE       602
