  6.607232E-02
  1
 21
wh1
    0.61831    0.84482    0.42006    0.27096    0.15701    0.65368    0.76541    0.66809    0.78960    0.13664    0.49649    0.60491    0.42223    0.84094    0.76674    0.66796    0.27474    0.52531    1.02881    0.44540    0.97066
    0.21281    0.65868    0.26324    0.56202    0.86234   -0.07600    0.95919    0.10880    0.25246    0.77495    0.34381    0.19272    0.47588    0.33305    0.83125    0.32805    0.18689    0.51688   -0.01108    0.52571    1.17573
bh1
    0.51687    0.76847    0.51986    0.24571    0.22799    0.34748    0.90832    0.17203    0.55955    0.45014    0.19836    0.68190   -0.41250    0.85063    0.02634    0.49996   -0.09576    0.06849    0.23208   -0.26408    0.12783
ws
    0.19086
   -0.15773
    0.51889
    0.46948
    0.05588
    0.50734
   -0.15519
    0.56475
    0.51439
    0.02121
    0.46274
    0.00473
    0.83783
    0.12132
    0.03505
    0.52716
    0.31051
    0.18458
    0.40276
    0.56928
   -0.36601
bs
   -0.39583
Alpha:        0.0178
Eta:        0.4890
Activation Function: TANGENT
MeanSquaredError:   3.465969E-06
MeanSquaredError - validation:   7.267920E-02
NFE       990
